<?xml version="1.0" encoding="UTF-8"?>
<testsuite xmlns:xsi="http://www.w3.org/2001/XMLSchema-instance" xsi:noNamespaceSchemaLocation="https://maven.apache.org/surefire/maven-surefire-plugin/xsd/surefire-test-report-3.0.xsd" version="3.0" name="demo.suite" time="2.995" tests="2" errors="0" skipped="0" failures="0">
  <properties>
    <property name="gopherProxySet" value="false"/>
    <property name="awt.toolkit" value="sun.lwawt.macosx.LWCToolkit"/>
    <property name="file.encoding.pkg" value="sun.io"/>
    <property name="java.specification.version" value="1.8"/>
    <property name="sun.cpu.isalist" value=""/>
    <property name="sun.jnu.encoding" value="UTF-8"/>
    <property name="java.class.path" value="/Users/mibin.boban/Documents/Solutions/API-Project/ccs-enterprise-automation-api-project/target/test-classes:/Users/mibin.boban/Documents/Solutions/API-Project/ccs-enterprise-automation-api-project/target/classes:/Users/mibin.boban/.m2/repository/org/example/CCS-API-Master/1.0-SNAPSHOT-Master-V.0/CCS-API-Master-1.0-SNAPSHOT-Master-V.0.jar:/Users/mibin.boban/.m2/repository/org/junit/jupiter/junit-jupiter-params/5.4.2/junit-jupiter-params-5.4.2.jar:/Users/mibin.boban/.m2/repository/org/apiguardian/apiguardian-api/1.0.0/apiguardian-api-1.0.0.jar:/Users/mibin.boban/.m2/repository/org/junit/jupiter/junit-jupiter-api/5.4.2/junit-jupiter-api-5.4.2.jar:/Users/mibin.boban/.m2/repository/org/opentest4j/opentest4j/1.1.1/opentest4j-1.1.1.jar:/Users/mibin.boban/.m2/repository/org/junit/platform/junit-platform-commons/1.4.2/junit-platform-commons-1.4.2.jar:/Users/mibin.boban/.m2/repository/org/junit/jupiter/junit-jupiter-engine/5.4.2/junit-jupiter-engine-5.4.2.jar:/Users/mibin.boban/.m2/repository/org/junit/platform/junit-platform-engine/1.4.2/junit-platform-engine-1.4.2.jar:/Users/mibin.boban/.m2/repository/org/junit/vintage/junit-vintage-engine/5.4.2/junit-vintage-engine-5.4.2.jar:/Users/mibin.boban/.m2/repository/org/junit/platform/junit-platform-runner/1.4.2/junit-platform-runner-1.4.2.jar:/Users/mibin.boban/.m2/repository/org/junit/platform/junit-platform-launcher/1.4.2/junit-platform-launcher-1.4.2.jar:/Users/mibin.boban/.m2/repository/org/junit/platform/junit-platform-suite-api/1.4.2/junit-platform-suite-api-1.4.2.jar:/Users/mibin.boban/.m2/repository/com/google/code/gson/gson/2.6.2/gson-2.6.2.jar:/Users/mibin.boban/.m2/repository/org/apache/kafka/kafka-clients/2.1.0/kafka-clients-2.1.0.jar:/Users/mibin.boban/.m2/repository/com/github/luben/zstd-jni/1.3.5-4/zstd-jni-1.3.5-4.jar:/Users/mibin.boban/.m2/repository/org/lz4/lz4-java/1.5.0/lz4-java-1.5.0.jar:/Users/mibin.boban/.m2/repository/org/xerial/snappy/snappy-java/1.1.7.2/snappy-java-1.1.7.2.jar:/Users/mibin.boban/.m2/repository/org/slf4j/slf4j-api/1.7.25/slf4j-api-1.7.25.jar:/Users/mibin.boban/.m2/repository/org/json/json/20160810/json-20160810.jar:/Users/mibin.boban/.m2/repository/org/apache/velocity/velocity/1.7/velocity-1.7.jar:/Users/mibin.boban/.m2/repository/commons-collections/commons-collections/3.2.1/commons-collections-3.2.1.jar:/Users/mibin.boban/.m2/repository/com/fasterxml/jackson/dataformat/jackson-dataformat-yaml/2.9.8/jackson-dataformat-yaml-2.9.8.jar:/Users/mibin.boban/.m2/repository/org/yaml/snakeyaml/1.23/snakeyaml-1.23.jar:/Users/mibin.boban/.m2/repository/com/fasterxml/jackson/dataformat/jackson-dataformat-csv/2.9.8/jackson-dataformat-csv-2.9.8.jar:/Users/mibin.boban/.m2/repository/commons-io/commons-io/2.4/commons-io-2.4.jar:/Users/mibin.boban/.m2/repository/com/github/tomakehurst/wiremock/2.19.0/wiremock-2.19.0.jar:/Users/mibin.boban/.m2/repository/org/eclipse/jetty/jetty-server/9.2.24.v20180105/jetty-server-9.2.24.v20180105.jar:/Users/mibin.boban/.m2/repository/javax/servlet/javax.servlet-api/3.1.0/javax.servlet-api-3.1.0.jar:/Users/mibin.boban/.m2/repository/org/eclipse/jetty/jetty-http/9.2.24.v20180105/jetty-http-9.2.24.v20180105.jar:/Users/mibin.boban/.m2/repository/org/eclipse/jetty/jetty-io/9.2.24.v20180105/jetty-io-9.2.24.v20180105.jar:/Users/mibin.boban/.m2/repository/org/eclipse/jetty/jetty-servlet/9.2.24.v20180105/jetty-servlet-9.2.24.v20180105.jar:/Users/mibin.boban/.m2/repository/org/eclipse/jetty/jetty-security/9.2.24.v20180105/jetty-security-9.2.24.v20180105.jar:/Users/mibin.boban/.m2/repository/org/eclipse/jetty/jetty-servlets/9.2.24.v20180105/jetty-servlets-9.2.24.v20180105.jar:/Users/mibin.boban/.m2/repository/org/eclipse/jetty/jetty-continuation/9.2.24.v20180105/jetty-continuation-9.2.24.v20180105.jar:/Users/mibin.boban/.m2/repository/org/eclipse/jetty/jetty-util/9.2.24.v20180105/jetty-util-9.2.24.v20180105.jar:/Users/mibin.boban/.m2/repository/org/eclipse/jetty/jetty-webapp/9.2.24.v20180105/jetty-webapp-9.2.24.v20180105.jar:/Users/mibin.boban/.m2/repository/org/eclipse/jetty/jetty-xml/9.2.24.v20180105/jetty-xml-9.2.24.v20180105.jar:/Users/mibin.boban/.m2/repository/org/xmlunit/xmlunit-core/2.5.1/xmlunit-core-2.5.1.jar:/Users/mibin.boban/.m2/repository/org/xmlunit/xmlunit-legacy/2.5.1/xmlunit-legacy-2.5.1.jar:/Users/mibin.boban/.m2/repository/net/sf/jopt-simple/jopt-simple/5.0.3/jopt-simple-5.0.3.jar:/Users/mibin.boban/.m2/repository/org/apache/commons/commons-lang3/3.7/commons-lang3-3.7.jar:/Users/mibin.boban/.m2/repository/com/flipkart/zjsonpatch/zjsonpatch/0.4.4/zjsonpatch-0.4.4.jar:/Users/mibin.boban/.m2/repository/com/github/jknack/handlebars/4.0.7/handlebars-4.0.7.jar:/Users/mibin.boban/.m2/repository/org/antlr/antlr4-runtime/4.7.1/antlr4-runtime-4.7.1.jar:/Users/mibin.boban/.m2/repository/com/github/jknack/handlebars-helpers/4.0.7/handlebars-helpers-4.0.7.jar:/Users/mibin.boban/.m2/repository/ch/qos/logback/logback-classic/1.0.7/logback-classic-1.0.7.jar:/Users/mibin.boban/.m2/repository/ch/qos/logback/logback-core/1.0.7/logback-core-1.0.7.jar:/Users/mibin.boban/.m2/repository/org/jboss/resteasy/resteasy-jaxrs/2.2.1.GA/resteasy-jaxrs-2.2.1.GA.jar:/Users/mibin.boban/.m2/repository/org/jboss/resteasy/jaxrs-api/2.2.1.GA/jaxrs-api-2.2.1.GA.jar:/Users/mibin.boban/.m2/repository/org/scannotation/scannotation/1.0.3/scannotation-1.0.3.jar:/Users/mibin.boban/.m2/repository/javassist/javassist/3.12.1.GA/javassist-3.12.1.GA.jar:/Users/mibin.boban/.m2/repository/javax/annotation/jsr250-api/1.0/jsr250-api-1.0.jar:/Users/mibin.boban/.m2/repository/javax/activation/activation/1.1/activation-1.1.jar:/Users/mibin.boban/.m2/repository/commons-httpclient/commons-httpclient/3.1/commons-httpclient-3.1.jar:/Users/mibin.boban/.m2/repository/net/jcip/jcip-annotations/1.0/jcip-annotations-1.0.jar:/Users/mibin.boban/.m2/repository/com/jayway/jsonpath/json-path/2.2.0/json-path-2.2.0.jar:/Users/mibin.boban/.m2/repository/net/minidev/json-smart/2.2.1/json-smart-2.2.1.jar:/Users/mibin.boban/.m2/repository/net/minidev/accessors-smart/1.1/accessors-smart-1.1.jar:/Users/mibin.boban/.m2/repository/org/ow2/asm/asm/5.0.3/asm-5.0.3.jar:/Users/mibin.boban/.m2/repository/commons-lang/commons-lang/2.6/commons-lang-2.6.jar:/Users/mibin.boban/.m2/repository/com/google/classpath-explorer/classpath-explorer/1.0/classpath-explorer-1.0.jar:/Users/mibin.boban/.m2/repository/org/jukito/jukito/1.4.1/jukito-1.4.1.jar:/Users/mibin.boban/.m2/repository/org/mockito/mockito-core/1.9.5/mockito-core-1.9.5.jar:/Users/mibin.boban/.m2/repository/org/objenesis/objenesis/1.0/objenesis-1.0.jar:/Users/mibin.boban/.m2/repository/com/google/inject/extensions/guice-assistedinject/3.0/guice-assistedinject-3.0.jar:/Users/mibin.boban/.m2/repository/com/google/inject/guice/4.0/guice-4.0.jar:/Users/mibin.boban/.m2/repository/javax/inject/javax.inject/1/javax.inject-1.jar:/Users/mibin.boban/.m2/repository/aopalliance/aopalliance/1.0/aopalliance-1.0.jar:/Users/mibin.boban/.m2/repository/org/skyscreamer/jsonassert/1.5.0/jsonassert-1.5.0.jar:/Users/mibin.boban/.m2/repository/com/vaadin/external/google/android-json/0.0.20131108.vaadin1/android-json-0.0.20131108.vaadin1.jar:/Users/mibin.boban/.m2/repository/com/google/guava/guava/23.0/guava-23.0.jar:/Users/mibin.boban/.m2/repository/com/google/code/findbugs/jsr305/1.3.9/jsr305-1.3.9.jar:/Users/mibin.boban/.m2/repository/com/google/errorprone/error_prone_annotations/2.0.18/error_prone_annotations-2.0.18.jar:/Users/mibin.boban/.m2/repository/com/google/j2objc/j2objc-annotations/1.1/j2objc-annotations-1.1.jar:/Users/mibin.boban/.m2/repository/org/codehaus/mojo/animal-sniffer-annotations/1.14/animal-sniffer-annotations-1.14.jar:/Users/mibin.boban/.m2/repository/com/fasterxml/jackson/core/jackson-annotations/2.10.0/jackson-annotations-2.10.0.jar:/Users/mibin.boban/.m2/repository/com/fasterxml/jackson/core/jackson-core/2.10.0/jackson-core-2.10.0.jar:/Users/mibin.boban/.m2/repository/com/fasterxml/jackson/core/jackson-databind/2.10.0/jackson-databind-2.10.0.jar:/Users/mibin.boban/.m2/repository/com/fasterxml/jackson/datatype/jackson-datatype-jdk8/2.10.0/jackson-datatype-jdk8-2.10.0.jar:/Users/mibin.boban/.m2/repository/org/apache/httpcomponents/httpclient/4.5/httpclient-4.5.jar:/Users/mibin.boban/.m2/repository/org/apache/httpcomponents/httpcore/4.4.1/httpcore-4.4.1.jar:/Users/mibin.boban/.m2/repository/commons-logging/commons-logging/1.2/commons-logging-1.2.jar:/Users/mibin.boban/.m2/repository/commons-codec/commons-codec/1.9/commons-codec-1.9.jar:/Users/mibin.boban/.m2/repository/com/aventstack/extentreports/4.0.9/extentreports-4.0.9.jar:/Users/mibin.boban/.m2/repository/org/freemarker/freemarker/2.3.23/freemarker-2.3.23.jar:/Users/mibin.boban/.m2/repository/org/mongodb/mongodb-driver/3.3.0/mongodb-driver-3.3.0.jar:/Users/mibin.boban/.m2/repository/org/mongodb/mongodb-driver-core/3.3.0/mongodb-driver-core-3.3.0.jar:/Users/mibin.boban/.m2/repository/org/mongodb/bson/3.3.0/bson-3.3.0.jar:/Users/mibin.boban/.m2/repository/org/apache/httpcomponents/httpmime/4.5.2/httpmime-4.5.2.jar:/Users/mibin.boban/.m2/repository/com/univocity/univocity-parsers/2.8.2/univocity-parsers-2.8.2.jar:/Users/mibin.boban/.m2/repository/com/google/protobuf/protobuf-java/3.13.0/protobuf-java-3.13.0.jar:/Users/mibin.boban/.m2/repository/com/google/protobuf/protobuf-java-util/3.13.0/protobuf-java-util-3.13.0.jar:/Users/mibin.boban/.m2/repository/junit/junit/4.12/junit-4.12.jar:/Users/mibin.boban/.m2/repository/org/hamcrest/hamcrest-core/1.3/hamcrest-core-1.3.jar:"/>
    <property name="java.vm.vendor" value="Amazon.com Inc."/>
    <property name="sun.arch.data.model" value="64"/>
    <property name="java.vendor.url" value="https://aws.amazon.com/corretto/"/>
    <property name="user.timezone" value=""/>
    <property name="java.vm.specification.version" value="1.8"/>
    <property name="os.name" value="Mac OS X"/>
    <property name="user.country" value="GB"/>
    <property name="sun.java.launcher" value="SUN_STANDARD"/>
    <property name="sun.boot.library.path" value="/Users/mibin.boban/Library/Java/JavaVirtualMachines/corretto-1.8.0_312/Contents/Home/jre/lib"/>
    <property name="sun.java.command" value="/Users/mibin.boban/Documents/Solutions/API-Project/ccs-enterprise-automation-api-project/target/surefire/surefirebooter943442307166608126.jar /Users/mibin.boban/Documents/Solutions/API-Project/ccs-enterprise-automation-api-project/target/surefire 2021-12-16T09-21-38_304-jvmRun1 surefire4984042128815520474tmp surefire_08687494141287606891tmp"/>
    <property name="http.nonProxyHosts" value="local|*.local|169.254/16|*.169.254/16"/>
    <property name="surefire.test.class.path" value="/Users/mibin.boban/Documents/Solutions/API-Project/ccs-enterprise-automation-api-project/target/test-classes:/Users/mibin.boban/Documents/Solutions/API-Project/ccs-enterprise-automation-api-project/target/classes:/Users/mibin.boban/.m2/repository/org/example/CCS-API-Master/1.0-SNAPSHOT-Master-V.0/CCS-API-Master-1.0-SNAPSHOT-Master-V.0.jar:/Users/mibin.boban/.m2/repository/org/junit/jupiter/junit-jupiter-params/5.4.2/junit-jupiter-params-5.4.2.jar:/Users/mibin.boban/.m2/repository/org/apiguardian/apiguardian-api/1.0.0/apiguardian-api-1.0.0.jar:/Users/mibin.boban/.m2/repository/org/junit/jupiter/junit-jupiter-api/5.4.2/junit-jupiter-api-5.4.2.jar:/Users/mibin.boban/.m2/repository/org/opentest4j/opentest4j/1.1.1/opentest4j-1.1.1.jar:/Users/mibin.boban/.m2/repository/org/junit/platform/junit-platform-commons/1.4.2/junit-platform-commons-1.4.2.jar:/Users/mibin.boban/.m2/repository/org/junit/jupiter/junit-jupiter-engine/5.4.2/junit-jupiter-engine-5.4.2.jar:/Users/mibin.boban/.m2/repository/org/junit/platform/junit-platform-engine/1.4.2/junit-platform-engine-1.4.2.jar:/Users/mibin.boban/.m2/repository/org/junit/vintage/junit-vintage-engine/5.4.2/junit-vintage-engine-5.4.2.jar:/Users/mibin.boban/.m2/repository/org/junit/platform/junit-platform-runner/1.4.2/junit-platform-runner-1.4.2.jar:/Users/mibin.boban/.m2/repository/org/junit/platform/junit-platform-launcher/1.4.2/junit-platform-launcher-1.4.2.jar:/Users/mibin.boban/.m2/repository/org/junit/platform/junit-platform-suite-api/1.4.2/junit-platform-suite-api-1.4.2.jar:/Users/mibin.boban/.m2/repository/com/google/code/gson/gson/2.6.2/gson-2.6.2.jar:/Users/mibin.boban/.m2/repository/org/apache/kafka/kafka-clients/2.1.0/kafka-clients-2.1.0.jar:/Users/mibin.boban/.m2/repository/com/github/luben/zstd-jni/1.3.5-4/zstd-jni-1.3.5-4.jar:/Users/mibin.boban/.m2/repository/org/lz4/lz4-java/1.5.0/lz4-java-1.5.0.jar:/Users/mibin.boban/.m2/repository/org/xerial/snappy/snappy-java/1.1.7.2/snappy-java-1.1.7.2.jar:/Users/mibin.boban/.m2/repository/org/slf4j/slf4j-api/1.7.25/slf4j-api-1.7.25.jar:/Users/mibin.boban/.m2/repository/org/json/json/20160810/json-20160810.jar:/Users/mibin.boban/.m2/repository/org/apache/velocity/velocity/1.7/velocity-1.7.jar:/Users/mibin.boban/.m2/repository/commons-collections/commons-collections/3.2.1/commons-collections-3.2.1.jar:/Users/mibin.boban/.m2/repository/com/fasterxml/jackson/dataformat/jackson-dataformat-yaml/2.9.8/jackson-dataformat-yaml-2.9.8.jar:/Users/mibin.boban/.m2/repository/org/yaml/snakeyaml/1.23/snakeyaml-1.23.jar:/Users/mibin.boban/.m2/repository/com/fasterxml/jackson/dataformat/jackson-dataformat-csv/2.9.8/jackson-dataformat-csv-2.9.8.jar:/Users/mibin.boban/.m2/repository/commons-io/commons-io/2.4/commons-io-2.4.jar:/Users/mibin.boban/.m2/repository/com/github/tomakehurst/wiremock/2.19.0/wiremock-2.19.0.jar:/Users/mibin.boban/.m2/repository/org/eclipse/jetty/jetty-server/9.2.24.v20180105/jetty-server-9.2.24.v20180105.jar:/Users/mibin.boban/.m2/repository/javax/servlet/javax.servlet-api/3.1.0/javax.servlet-api-3.1.0.jar:/Users/mibin.boban/.m2/repository/org/eclipse/jetty/jetty-http/9.2.24.v20180105/jetty-http-9.2.24.v20180105.jar:/Users/mibin.boban/.m2/repository/org/eclipse/jetty/jetty-io/9.2.24.v20180105/jetty-io-9.2.24.v20180105.jar:/Users/mibin.boban/.m2/repository/org/eclipse/jetty/jetty-servlet/9.2.24.v20180105/jetty-servlet-9.2.24.v20180105.jar:/Users/mibin.boban/.m2/repository/org/eclipse/jetty/jetty-security/9.2.24.v20180105/jetty-security-9.2.24.v20180105.jar:/Users/mibin.boban/.m2/repository/org/eclipse/jetty/jetty-servlets/9.2.24.v20180105/jetty-servlets-9.2.24.v20180105.jar:/Users/mibin.boban/.m2/repository/org/eclipse/jetty/jetty-continuation/9.2.24.v20180105/jetty-continuation-9.2.24.v20180105.jar:/Users/mibin.boban/.m2/repository/org/eclipse/jetty/jetty-util/9.2.24.v20180105/jetty-util-9.2.24.v20180105.jar:/Users/mibin.boban/.m2/repository/org/eclipse/jetty/jetty-webapp/9.2.24.v20180105/jetty-webapp-9.2.24.v20180105.jar:/Users/mibin.boban/.m2/repository/org/eclipse/jetty/jetty-xml/9.2.24.v20180105/jetty-xml-9.2.24.v20180105.jar:/Users/mibin.boban/.m2/repository/org/xmlunit/xmlunit-core/2.5.1/xmlunit-core-2.5.1.jar:/Users/mibin.boban/.m2/repository/org/xmlunit/xmlunit-legacy/2.5.1/xmlunit-legacy-2.5.1.jar:/Users/mibin.boban/.m2/repository/net/sf/jopt-simple/jopt-simple/5.0.3/jopt-simple-5.0.3.jar:/Users/mibin.boban/.m2/repository/org/apache/commons/commons-lang3/3.7/commons-lang3-3.7.jar:/Users/mibin.boban/.m2/repository/com/flipkart/zjsonpatch/zjsonpatch/0.4.4/zjsonpatch-0.4.4.jar:/Users/mibin.boban/.m2/repository/com/github/jknack/handlebars/4.0.7/handlebars-4.0.7.jar:/Users/mibin.boban/.m2/repository/org/antlr/antlr4-runtime/4.7.1/antlr4-runtime-4.7.1.jar:/Users/mibin.boban/.m2/repository/com/github/jknack/handlebars-helpers/4.0.7/handlebars-helpers-4.0.7.jar:/Users/mibin.boban/.m2/repository/ch/qos/logback/logback-classic/1.0.7/logback-classic-1.0.7.jar:/Users/mibin.boban/.m2/repository/ch/qos/logback/logback-core/1.0.7/logback-core-1.0.7.jar:/Users/mibin.boban/.m2/repository/org/jboss/resteasy/resteasy-jaxrs/2.2.1.GA/resteasy-jaxrs-2.2.1.GA.jar:/Users/mibin.boban/.m2/repository/org/jboss/resteasy/jaxrs-api/2.2.1.GA/jaxrs-api-2.2.1.GA.jar:/Users/mibin.boban/.m2/repository/org/scannotation/scannotation/1.0.3/scannotation-1.0.3.jar:/Users/mibin.boban/.m2/repository/javassist/javassist/3.12.1.GA/javassist-3.12.1.GA.jar:/Users/mibin.boban/.m2/repository/javax/annotation/jsr250-api/1.0/jsr250-api-1.0.jar:/Users/mibin.boban/.m2/repository/javax/activation/activation/1.1/activation-1.1.jar:/Users/mibin.boban/.m2/repository/commons-httpclient/commons-httpclient/3.1/commons-httpclient-3.1.jar:/Users/mibin.boban/.m2/repository/net/jcip/jcip-annotations/1.0/jcip-annotations-1.0.jar:/Users/mibin.boban/.m2/repository/com/jayway/jsonpath/json-path/2.2.0/json-path-2.2.0.jar:/Users/mibin.boban/.m2/repository/net/minidev/json-smart/2.2.1/json-smart-2.2.1.jar:/Users/mibin.boban/.m2/repository/net/minidev/accessors-smart/1.1/accessors-smart-1.1.jar:/Users/mibin.boban/.m2/repository/org/ow2/asm/asm/5.0.3/asm-5.0.3.jar:/Users/mibin.boban/.m2/repository/commons-lang/commons-lang/2.6/commons-lang-2.6.jar:/Users/mibin.boban/.m2/repository/com/google/classpath-explorer/classpath-explorer/1.0/classpath-explorer-1.0.jar:/Users/mibin.boban/.m2/repository/org/jukito/jukito/1.4.1/jukito-1.4.1.jar:/Users/mibin.boban/.m2/repository/org/mockito/mockito-core/1.9.5/mockito-core-1.9.5.jar:/Users/mibin.boban/.m2/repository/org/objenesis/objenesis/1.0/objenesis-1.0.jar:/Users/mibin.boban/.m2/repository/com/google/inject/extensions/guice-assistedinject/3.0/guice-assistedinject-3.0.jar:/Users/mibin.boban/.m2/repository/com/google/inject/guice/4.0/guice-4.0.jar:/Users/mibin.boban/.m2/repository/javax/inject/javax.inject/1/javax.inject-1.jar:/Users/mibin.boban/.m2/repository/aopalliance/aopalliance/1.0/aopalliance-1.0.jar:/Users/mibin.boban/.m2/repository/org/skyscreamer/jsonassert/1.5.0/jsonassert-1.5.0.jar:/Users/mibin.boban/.m2/repository/com/vaadin/external/google/android-json/0.0.20131108.vaadin1/android-json-0.0.20131108.vaadin1.jar:/Users/mibin.boban/.m2/repository/com/google/guava/guava/23.0/guava-23.0.jar:/Users/mibin.boban/.m2/repository/com/google/code/findbugs/jsr305/1.3.9/jsr305-1.3.9.jar:/Users/mibin.boban/.m2/repository/com/google/errorprone/error_prone_annotations/2.0.18/error_prone_annotations-2.0.18.jar:/Users/mibin.boban/.m2/repository/com/google/j2objc/j2objc-annotations/1.1/j2objc-annotations-1.1.jar:/Users/mibin.boban/.m2/repository/org/codehaus/mojo/animal-sniffer-annotations/1.14/animal-sniffer-annotations-1.14.jar:/Users/mibin.boban/.m2/repository/com/fasterxml/jackson/core/jackson-annotations/2.10.0/jackson-annotations-2.10.0.jar:/Users/mibin.boban/.m2/repository/com/fasterxml/jackson/core/jackson-core/2.10.0/jackson-core-2.10.0.jar:/Users/mibin.boban/.m2/repository/com/fasterxml/jackson/core/jackson-databind/2.10.0/jackson-databind-2.10.0.jar:/Users/mibin.boban/.m2/repository/com/fasterxml/jackson/datatype/jackson-datatype-jdk8/2.10.0/jackson-datatype-jdk8-2.10.0.jar:/Users/mibin.boban/.m2/repository/org/apache/httpcomponents/httpclient/4.5/httpclient-4.5.jar:/Users/mibin.boban/.m2/repository/org/apache/httpcomponents/httpcore/4.4.1/httpcore-4.4.1.jar:/Users/mibin.boban/.m2/repository/commons-logging/commons-logging/1.2/commons-logging-1.2.jar:/Users/mibin.boban/.m2/repository/commons-codec/commons-codec/1.9/commons-codec-1.9.jar:/Users/mibin.boban/.m2/repository/com/aventstack/extentreports/4.0.9/extentreports-4.0.9.jar:/Users/mibin.boban/.m2/repository/org/freemarker/freemarker/2.3.23/freemarker-2.3.23.jar:/Users/mibin.boban/.m2/repository/org/mongodb/mongodb-driver/3.3.0/mongodb-driver-3.3.0.jar:/Users/mibin.boban/.m2/repository/org/mongodb/mongodb-driver-core/3.3.0/mongodb-driver-core-3.3.0.jar:/Users/mibin.boban/.m2/repository/org/mongodb/bson/3.3.0/bson-3.3.0.jar:/Users/mibin.boban/.m2/repository/org/apache/httpcomponents/httpmime/4.5.2/httpmime-4.5.2.jar:/Users/mibin.boban/.m2/repository/com/univocity/univocity-parsers/2.8.2/univocity-parsers-2.8.2.jar:/Users/mibin.boban/.m2/repository/com/google/protobuf/protobuf-java/3.13.0/protobuf-java-3.13.0.jar:/Users/mibin.boban/.m2/repository/com/google/protobuf/protobuf-java-util/3.13.0/protobuf-java-util-3.13.0.jar:/Users/mibin.boban/.m2/repository/junit/junit/4.12/junit-4.12.jar:/Users/mibin.boban/.m2/repository/org/hamcrest/hamcrest-core/1.3/hamcrest-core-1.3.jar:"/>
    <property name="sun.cpu.endian" value="little"/>
    <property name="user.home" value="/Users/mibin.boban"/>
    <property name="user.language" value="en"/>
    <property name="java.specification.vendor" value="Oracle Corporation"/>
    <property name="java.home" value="/Users/mibin.boban/Library/Java/JavaVirtualMachines/corretto-1.8.0_312/Contents/Home/jre"/>
    <property name="basedir" value="/Users/mibin.boban/Documents/Solutions/API-Project/ccs-enterprise-automation-api-project"/>
    <property name="file.separator" value="/"/>
    <property name="line.separator" value="&#10;"/>
    <property name="java.vm.specification.vendor" value="Oracle Corporation"/>
    <property name="java.specification.name" value="Java Platform API Specification"/>
    <property name="java.awt.graphicsenv" value="sun.awt.CGraphicsEnvironment"/>
    <property name="surefire.real.class.path" value="/Users/mibin.boban/Documents/Solutions/API-Project/ccs-enterprise-automation-api-project/target/surefire/surefirebooter943442307166608126.jar"/>
    <property name="sun.boot.class.path" value="/Users/mibin.boban/Library/Java/JavaVirtualMachines/corretto-1.8.0_312/Contents/Home/jre/lib/resources.jar:/Users/mibin.boban/Library/Java/JavaVirtualMachines/corretto-1.8.0_312/Contents/Home/jre/lib/rt.jar:/Users/mibin.boban/Library/Java/JavaVirtualMachines/corretto-1.8.0_312/Contents/Home/jre/lib/sunrsasign.jar:/Users/mibin.boban/Library/Java/JavaVirtualMachines/corretto-1.8.0_312/Contents/Home/jre/lib/jsse.jar:/Users/mibin.boban/Library/Java/JavaVirtualMachines/corretto-1.8.0_312/Contents/Home/jre/lib/jce.jar:/Users/mibin.boban/Library/Java/JavaVirtualMachines/corretto-1.8.0_312/Contents/Home/jre/lib/charsets.jar:/Users/mibin.boban/Library/Java/JavaVirtualMachines/corretto-1.8.0_312/Contents/Home/jre/lib/jfr.jar:/Users/mibin.boban/Library/Java/JavaVirtualMachines/corretto-1.8.0_312/Contents/Home/jre/classes"/>
    <property name="sun.management.compiler" value="HotSpot 64-Bit Tiered Compilers"/>
    <property name="ftp.nonProxyHosts" value="local|*.local|169.254/16|*.169.254/16"/>
    <property name="java.runtime.version" value="1.8.0_312-b07"/>
    <property name="user.name" value="mibin.boban"/>
    <property name="path.separator" value=":"/>
    <property name="os.version" value="11.6.1"/>
    <property name="java.endorsed.dirs" value="/Users/mibin.boban/Library/Java/JavaVirtualMachines/corretto-1.8.0_312/Contents/Home/jre/lib/endorsed"/>
    <property name="java.runtime.name" value="OpenJDK Runtime Environment"/>
    <property name="file.encoding" value="UTF-8"/>
    <property name="java.vm.name" value="OpenJDK 64-Bit Server VM"/>
    <property name="localRepository" value="/Users/mibin.boban/.m2/repository"/>
    <property name="java.vendor.url.bug" value="https://github.com/corretto/corretto-8/issues/"/>
    <property name="java.io.tmpdir" value="/var/folders/vt/jm0bvb9j6jlgl3mg60hpyybsg_6h1g/T/"/>
    <property name="java.version" value="1.8.0_312"/>
    <property name="user.dir" value="/Users/mibin.boban/Documents/Solutions/API-Project/ccs-enterprise-automation-api-project"/>
    <property name="os.arch" value="x86_64"/>
    <property name="java.vm.specification.name" value="Java Virtual Machine Specification"/>
    <property name="java.awt.printerjob" value="sun.lwawt.macosx.CPrinterJob"/>
    <property name="sun.os.patch.level" value="unknown"/>
    <property name="java.library.path" value="/Users/mibin.boban/Library/Java/Extensions:/Library/Java/Extensions:/Network/Library/Java/Extensions:/System/Library/Java/Extensions:/usr/lib/java:."/>
    <property name="java.vm.info" value="mixed mode"/>
    <property name="java.vendor" value="Amazon.com Inc."/>
    <property name="java.vm.version" value="25.312-b07"/>
    <property name="java.ext.dirs" value="/Users/mibin.boban/Library/Java/Extensions:/Users/mibin.boban/Library/Java/JavaVirtualMachines/corretto-1.8.0_312/Contents/Home/jre/lib/ext:/Library/Java/Extensions:/Network/Library/Java/Extensions:/System/Library/Java/Extensions:/usr/lib/java"/>
    <property name="sun.io.unicode.encoding" value="UnicodeBig"/>
    <property name="java.class.version" value="52.0"/>
    <property name="socksNonProxyHosts" value="local|*.local|169.254/16|*.169.254/16"/>
  </properties>
  <testcase name="Create the user and verify - 2" classname="demo.suite" time="1.449">
    <system-out><![CDATA[09:21:39.358 [main] INFO  o.c.a.apifactory.utils.RunnerUtils - ###[CCS Master] : testClass : class demo.suite
09:21:39.773 [main] INFO  o.c.a.apifactory.utils.RunnerUtils - ###[CCS Master] : testClass : class demo.suite
09:21:40.021 [main] INFO  o.c.a.apifactory.utils.RunnerUtils - ###[CCS Master] : testClass : class demo.suite
09:21:40.038 [main] INFO  o.c.a.a.runner.CCSPackageRunner - [CCS Master] : System property master.junit=null
09:21:40.040 [main] INFO  o.c.a.a.r.MasterMultiStepsScenarioRunnerImpl - 
-------------------------- [CCS Master] : BDD- Scenario:Create the user and verify - 2 -------------------------

09:21:40.054 [main] INFO  o.c.a.a.r.MasterMultiStepsScenarioRunnerImpl - 
-------------------------------------------------------------------------
     [CCS Master] : Executing Scenario Count No. or parameter No. or Row No. | 0 | 
-------------------------------------------------------------------------
09:21:40.079 [main] DEBUG o.c.a.a.c.p.MasterExternalFileProcessorImpl - Leaf node found = post-user, checking for any external json file...
09:21:40.079 [main] DEBUG o.c.a.a.c.p.MasterExternalFileProcessorImpl - Leaf node found = POST, checking for any external json file...
09:21:40.079 [main] DEBUG o.c.a.a.c.p.MasterExternalFileProcessorImpl - Leaf node found = POST, checking for any external json file...
09:21:40.079 [main] DEBUG o.c.a.a.c.p.MasterExternalFileProcessorImpl - Leaf node found = /users, checking for any external json file...
09:21:40.079 [main] DEBUG o.c.a.a.c.p.MasterExternalFileProcessorImpl - Leaf node found = ${JSON.FILE:body/body1.json}, checking for any external json file...
09:21:40.080 [main] INFO  o.c.a.a.c.p.MasterExternalFileProcessorImpl - Found external JSON file place holder = ${JSON.FILE:body/body1.json}. Replacing with content
09:21:40.081 [main] DEBUG o.c.a.a.c.p.MasterExternalFileProcessorImpl - Leaf node found = ${CCS.MASTER.RANDOM.EMAIL:@yopmail.com}, checking for any external json file...
09:21:40.082 [main] DEBUG o.c.a.a.c.p.MasterExternalFileProcessorImpl - Leaf node found = leader, checking for any external json file...
09:21:40.087 [main] DEBUG o.c.a.a.c.p.MasterExternalFileProcessorImpl - Leaf node found = 201, checking for any external json file...
09:21:40.087 [main] DEBUG o.c.a.a.c.p.MasterExternalFileProcessorImpl - Leaf node found = 201, checking for any external json file...
09:21:40.088 [main] DEBUG o.c.a.a.c.p.MasterExternalFileProcessorImpl - Leaf node found = false, checking for any external json file...
09:21:40.157 [main] DEBUG c.j.j.internal.path.CompiledPath - Evaluating path: $['queryParams']
09:21:40.159 [main] DEBUG o.c.a.a.c.s.h.HttpApiExecutorImpl - No $.queryParams was present in the request. returned null.
09:21:40.159 [main] DEBUG c.j.j.internal.path.CompiledPath - Evaluating path: $['headers']
09:21:40.159 [main] DEBUG o.c.a.a.c.s.h.HttpApiExecutorImpl - No $.headers was present in the request. returned null.
09:21:40.159 [main] DEBUG c.j.j.internal.path.CompiledPath - Evaluating path: $['body']
09:21:40.160 [main] INFO  o.c.a.a.h.s.MasterSslTrustHttpClient - ###Used SSL Enabled Http Client for http/https/TLS connections
09:21:40.289 [main] DEBUG o.c.a.a.h.s.MasterSslTrustHttpClient - 
*Implicit-Wait/Connection-Timeout not configured.*
E.g. to configure it for 10sec, use: 'http.max.timeout.milliseconds=10000' in the host-config properties. 
**You can safely ignore this warning to retain the default httpClient behavior**

09:21:40.988 [main] INFO  o.c.a.a.c.v.MasterCodeValidatorImpl - Comparing results via LENIENT matchers
09:21:40.990 [main] DEBUG c.j.j.internal.path.CompiledPath - Evaluating path: $['status']
09:21:40.992 [main] INFO  o.c.a.a.r.StepNotificationHandler - 
***[CCS Master] : Step PASSED - Scenario:Create the user and verify - 2 -> post-user
09:21:40.993 [main] WARN  o.c.a.a.r.MasterMultiStepsScenarioRunnerImpl - 
--------- TEST-STEP-CORRELATION-ID: 5eade9f0-b65d-405a-84d1-a25fc988714d ---------
*requestTimeStamp:2021-12-16T09:21:40.121
step:post-user
id:null
url:https://reqres.in/api/users
method:POST
request:
{
  "body" : {
    "name" : "LFCRHAHMKZ@yopmail.com",
    "job" : "leader"
  }
} 
--------- TEST-STEP-CORRELATION-ID: 5eade9f0-b65d-405a-84d1-a25fc988714d ---------
Response:
{
  "status" : 201,
  "headers" : {
    "Date" : [ "Thu, 16 Dec 2021 09:21:40 GMT" ],
    "Content-Length" : [ "98" ],
    "Server" : [ "cloudflare" ],
    "CF-RAY" : [ "6be6d7c6bc2874e5-LHR" ],
    "CF-Cache-Status" : [ "DYNAMIC" ],
    "Expect-CT" : [ "max-age=604800, report-uri=\"https://report-uri.cloudflare.com/cdn-cgi/beacon/expect-ct\"" ],
    "via" : [ "1.1 vegur" ],
    "access-control-allow-origin" : [ "*" ],
    "NEL" : [ "{\"success_fraction\":0,\"report_to\":\"cf-nel\",\"max_age\":604800}" ],
    "x-powered-by" : [ "Express" ],
    "Content-Type" : [ "application/json; charset=utf-8" ],
    "Connection" : [ "keep-alive" ],
    "etag" : [ "W/\"62-OJbumGp8JlX7et5G9UCVgueuuhE\"" ],
    "Report-To" : [ "{\"endpoints\":[{\"url\":\"https:\\/\\/a.nel.cloudflare.com\\/report\\/v3?s=73L9WsPQjLOZnyWBOQ5RdhOI5ZGItpQIw2o%2F9KFyB525%2BHcMPgg8bLWSDkV2hPJNSDT3zLBAyeaIKgROwk9k8Y8Ll3mhccLbDpj4FLJzANdoDHFkJ1Zl7rweiA0%3D\"}],\"group\":\"cf-nel\",\"max_age\":604800}" ],
    "alt-svc" : [ "h3=\":443\"; ma=86400, h3-29=\":443\"; ma=86400, h3-28=\":443\"; ma=86400, h3-27=\":443\"; ma=86400" ]
  },
  "body" : {
    "name" : "LFCRHAHMKZ@yopmail.com",
    "job" : "leader",
    "id" : "824",
    "createdAt" : "2021-12-16T09:21:40.954Z"
  }
}
*responseTimeStamp:2021-12-16T09:21:40.988 
*CCS Master: Response delay:867.0 milli-secs 
---------> Expected Response: <----------
{
  "status" : 201
} 
 
-done-

09:21:40.995 [main] DEBUG c.j.j.internal.path.CompiledPath - Evaluating path: $['post-user']['response']['body']['id']
09:21:40.996 [main] DEBUG c.j.j.internal.path.CompiledPath - Evaluating path: $['post-user']['response']['body']['id']
09:21:40.996 [main] DEBUG c.j.j.internal.path.CompiledPath - Evaluating path: $['queryParams']
09:21:40.996 [main] DEBUG o.c.a.a.c.s.h.HttpApiExecutorImpl - No $.queryParams was present in the request. returned null.
09:21:40.996 [main] DEBUG c.j.j.internal.path.CompiledPath - Evaluating path: $['headers']
09:21:40.997 [main] DEBUG o.c.a.a.c.s.h.HttpApiExecutorImpl - No $.headers was present in the request. returned null.
09:21:40.997 [main] DEBUG c.j.j.internal.path.CompiledPath - Evaluating path: $['body']
09:21:40.997 [main] DEBUG o.c.a.a.c.s.h.HttpApiExecutorImpl - No $.body was present in the request. returned null.
09:21:40.997 [main] INFO  o.c.a.a.h.s.MasterSslTrustHttpClient - ###Used SSL Enabled Http Client for http/https/TLS connections
09:21:40.997 [main] DEBUG o.c.a.a.h.s.MasterSslTrustHttpClient - 
*Implicit-Wait/Connection-Timeout not configured.*
E.g. to configure it for 10sec, use: 'http.max.timeout.milliseconds=10000' in the host-config properties. 
**You can safely ignore this warning to retain the default httpClient behavior**

09:21:41.316 [main] INFO  o.c.a.a.c.v.MasterCodeValidatorImpl - Comparing results via LENIENT matchers
09:21:41.317 [main] DEBUG c.j.j.internal.path.CompiledPath - Evaluating path: $['status']
09:21:41.317 [main] INFO  o.c.a.a.r.StepNotificationHandler - 
***[CCS Master] : Step PASSED - Scenario:Create the user and verify - 2 -> get-user
09:21:41.318 [main] WARN  o.c.a.a.r.MasterMultiStepsScenarioRunnerImpl - 
--------- TEST-STEP-CORRELATION-ID: a55d8564-8fe3-446f-ad68-1c8e4a97e1bf ---------
*requestTimeStamp:2021-12-16T09:21:40.996
step:get-user
id:null
url:https://reqres.in/api/users/824
method:GET
request:
{ } 
--------- TEST-STEP-CORRELATION-ID: a55d8564-8fe3-446f-ad68-1c8e4a97e1bf ---------
Response:
{
  "status" : 404,
  "headers" : {
    "Date" : [ "Thu, 16 Dec 2021 09:21:41 GMT" ],
    "Content-Length" : [ "2" ],
    "Server" : [ "cloudflare" ],
    "CF-RAY" : [ "6be6d7c9190b7200-LHR" ],
    "Vary" : [ "Accept-Encoding" ],
    "CF-Cache-Status" : [ "MISS" ],
    "Expect-CT" : [ "max-age=604800, report-uri=\"https://report-uri.cloudflare.com/cdn-cgi/beacon/expect-ct\"" ],
    "via" : [ "1.1 vegur" ],
    "access-control-allow-origin" : [ "*" ],
    "NEL" : [ "{\"success_fraction\":0,\"report_to\":\"cf-nel\",\"max_age\":604800}" ],
    "x-powered-by" : [ "Express" ],
    "Content-Type" : [ "application/json; charset=utf-8" ],
    "Connection" : [ "keep-alive" ],
    "etag" : [ "W/\"2-vyGp6PvFo4RvsFtPoIWeCReyIC8\"" ],
    "Report-To" : [ "{\"endpoints\":[{\"url\":\"https:\\/\\/a.nel.cloudflare.com\\/report\\/v3?s=9uTA8bqgxxbBETDKI%2F4jN3EWJJ%2Bx6ftqSVsPAqxXOTjLJaQP2ZdqAqQbwYCWw6ZJMM8PRLHhf8LdJmLXwCMbP43g%2FynFMlm0U1i4COvnYdJDE%2BE%2ByG4YIB5z%2FUg%3D\"}],\"group\":\"cf-nel\",\"max_age\":604800}" ],
    "Cache-Control" : [ "max-age=14400" ],
    "alt-svc" : [ "h3=\":443\"; ma=86400, h3-29=\":443\"; ma=86400, h3-28=\":443\"; ma=86400, h3-27=\":443\"; ma=86400" ]
  },
  "body" : { }
}
*responseTimeStamp:2021-12-16T09:21:41.315 
*CCS Master: Response delay:319.0 milli-secs 
---------> Expected Response: <----------
{
  "status" : 404
} 
 
-done-

09:21:41.453 [main] INFO  o.c.a.a.runner.CCSPackageRunner - 
[CCS Master] : PackageRunner- **FINISHED executing all Steps for [Create the user and verify - 2] **.
Steps were:[post-user, get-user]
]]></system-out>
  </testcase>
  <testcase name="Create the user and verify - 1" classname="demo.suite" time="0.726">
    <system-out><![CDATA[09:21:41.455 [main] INFO  o.c.a.a.r.MasterMultiStepsScenarioRunnerImpl - 
-------------------------- [CCS Master] : BDD- Scenario:Create the user and verify - 1 -------------------------

09:21:41.456 [main] INFO  o.c.a.a.r.MasterMultiStepsScenarioRunnerImpl - 
-------------------------------------------------------------------------
     [CCS Master] : Executing Scenario Count No. or parameter No. or Row No. | 0 | 
-------------------------------------------------------------------------
09:21:41.458 [main] DEBUG o.c.a.a.c.p.MasterExternalFileProcessorImpl - Leaf node found = post-user, checking for any external json file...
09:21:41.458 [main] DEBUG o.c.a.a.c.p.MasterExternalFileProcessorImpl - Leaf node found = POST, checking for any external json file...
09:21:41.458 [main] DEBUG o.c.a.a.c.p.MasterExternalFileProcessorImpl - Leaf node found = POST, checking for any external json file...
09:21:41.458 [main] DEBUG o.c.a.a.c.p.MasterExternalFileProcessorImpl - Leaf node found = /users, checking for any external json file...
09:21:41.459 [main] DEBUG o.c.a.a.c.p.MasterExternalFileProcessorImpl - Leaf node found = ${JSON.FILE:body/body1.json}, checking for any external json file...
09:21:41.459 [main] INFO  o.c.a.a.c.p.MasterExternalFileProcessorImpl - Found external JSON file place holder = ${JSON.FILE:body/body1.json}. Replacing with content
09:21:41.463 [main] DEBUG o.c.a.a.c.p.MasterExternalFileProcessorImpl - Leaf node found = ${CCS.MASTER.RANDOM.EMAIL:@yopmail.com}, checking for any external json file...
09:21:41.463 [main] DEBUG o.c.a.a.c.p.MasterExternalFileProcessorImpl - Leaf node found = leader, checking for any external json file...
09:21:41.464 [main] DEBUG o.c.a.a.c.p.MasterExternalFileProcessorImpl - Leaf node found = 201, checking for any external json file...
09:21:41.464 [main] DEBUG o.c.a.a.c.p.MasterExternalFileProcessorImpl - Leaf node found = 201, checking for any external json file...
09:21:41.464 [main] DEBUG o.c.a.a.c.p.MasterExternalFileProcessorImpl - Leaf node found = false, checking for any external json file...
09:21:41.467 [main] DEBUG c.j.j.internal.path.CompiledPath - Evaluating path: $['queryParams']
09:21:41.467 [main] DEBUG o.c.a.a.c.s.h.HttpApiExecutorImpl - No $.queryParams was present in the request. returned null.
09:21:41.467 [main] DEBUG c.j.j.internal.path.CompiledPath - Evaluating path: $['headers']
09:21:41.467 [main] DEBUG o.c.a.a.c.s.h.HttpApiExecutorImpl - No $.headers was present in the request. returned null.
09:21:41.468 [main] DEBUG c.j.j.internal.path.CompiledPath - Evaluating path: $['body']
09:21:41.468 [main] INFO  o.c.a.a.h.s.MasterSslTrustHttpClient - ###Used SSL Enabled Http Client for http/https/TLS connections
09:21:41.469 [main] DEBUG o.c.a.a.h.s.MasterSslTrustHttpClient - 
*Implicit-Wait/Connection-Timeout not configured.*
E.g. to configure it for 10sec, use: 'http.max.timeout.milliseconds=10000' in the host-config properties. 
**You can safely ignore this warning to retain the default httpClient behavior**

09:21:41.751 [main] INFO  o.c.a.a.c.v.MasterCodeValidatorImpl - Comparing results via LENIENT matchers
09:21:41.752 [main] DEBUG c.j.j.internal.path.CompiledPath - Evaluating path: $['status']
09:21:41.753 [main] INFO  o.c.a.a.r.StepNotificationHandler - 
***[CCS Master] : Step PASSED - Scenario:Create the user and verify - 1 -> post-user
09:21:41.753 [main] WARN  o.c.a.a.r.MasterMultiStepsScenarioRunnerImpl - 
--------- TEST-STEP-CORRELATION-ID: 97d84f54-859f-44c2-af2d-3b288fba601f ---------
*requestTimeStamp:2021-12-16T09:21:41.466
step:post-user
id:null
url:https://reqres.in/api/users
method:POST
request:
{
  "body" : {
    "name" : "7Z01T093Ji@yopmail.com",
    "job" : "leader"
  }
} 
--------- TEST-STEP-CORRELATION-ID: 97d84f54-859f-44c2-af2d-3b288fba601f ---------
Response:
{
  "status" : 201,
  "headers" : {
    "Date" : [ "Thu, 16 Dec 2021 09:21:41 GMT" ],
    "Content-Length" : [ "98" ],
    "Server" : [ "cloudflare" ],
    "CF-RAY" : [ "6be6d7cbbb9c779b-LHR" ],
    "CF-Cache-Status" : [ "DYNAMIC" ],
    "Expect-CT" : [ "max-age=604800, report-uri=\"https://report-uri.cloudflare.com/cdn-cgi/beacon/expect-ct\"" ],
    "via" : [ "1.1 vegur" ],
    "access-control-allow-origin" : [ "*" ],
    "NEL" : [ "{\"success_fraction\":0,\"report_to\":\"cf-nel\",\"max_age\":604800}" ],
    "x-powered-by" : [ "Express" ],
    "Content-Type" : [ "application/json; charset=utf-8" ],
    "Connection" : [ "keep-alive" ],
    "etag" : [ "W/\"62-i2KmgV3VVhdZa1qq+GRniSM+hDc\"" ],
    "Report-To" : [ "{\"endpoints\":[{\"url\":\"https:\\/\\/a.nel.cloudflare.com\\/report\\/v3?s=vS532aiT8OL4GP7UKuFqTjgBPP%2BqEiGc%2FkZAM6Oz27f1Uh8dcVFsCL586naUqwgpJ9O3eE86a2CdspMuKy63gH9pZLdBt9krzbkJMltGyYhUWLy%2BDgxOdHEDyz4%3D\"}],\"group\":\"cf-nel\",\"max_age\":604800}" ],
    "alt-svc" : [ "h3=\":443\"; ma=86400, h3-29=\":443\"; ma=86400, h3-28=\":443\"; ma=86400, h3-27=\":443\"; ma=86400" ]
  },
  "body" : {
    "name" : "7Z01T093Ji@yopmail.com",
    "job" : "leader",
    "id" : "709",
    "createdAt" : "2021-12-16T09:21:41.764Z"
  }
}
*responseTimeStamp:2021-12-16T09:21:41.750 
*CCS Master: Response delay:284.0 milli-secs 
---------> Expected Response: <----------
{
  "status" : 201
} 
 
-done-

09:21:41.755 [main] DEBUG c.j.j.internal.path.CompiledPath - Evaluating path: $['post-user']['response']['body']['id']
09:21:41.756 [main] DEBUG c.j.j.internal.path.CompiledPath - Evaluating path: $['post-user']['response']['body']['id']
09:21:41.757 [main] DEBUG c.j.j.internal.path.CompiledPath - Evaluating path: $['queryParams']
09:21:41.757 [main] DEBUG o.c.a.a.c.s.h.HttpApiExecutorImpl - No $.queryParams was present in the request. returned null.
09:21:41.757 [main] DEBUG c.j.j.internal.path.CompiledPath - Evaluating path: $['headers']
09:21:41.757 [main] DEBUG o.c.a.a.c.s.h.HttpApiExecutorImpl - No $.headers was present in the request. returned null.
09:21:41.757 [main] DEBUG c.j.j.internal.path.CompiledPath - Evaluating path: $['body']
09:21:41.757 [main] DEBUG o.c.a.a.c.s.h.HttpApiExecutorImpl - No $.body was present in the request. returned null.
09:21:41.757 [main] INFO  o.c.a.a.h.s.MasterSslTrustHttpClient - ###Used SSL Enabled Http Client for http/https/TLS connections
09:21:41.758 [main] DEBUG o.c.a.a.h.s.MasterSslTrustHttpClient - 
*Implicit-Wait/Connection-Timeout not configured.*
E.g. to configure it for 10sec, use: 'http.max.timeout.milliseconds=10000' in the host-config properties. 
**You can safely ignore this warning to retain the default httpClient behavior**

09:21:42.067 [main] INFO  o.c.a.a.c.v.MasterCodeValidatorImpl - Comparing results via LENIENT matchers
09:21:42.068 [main] DEBUG c.j.j.internal.path.CompiledPath - Evaluating path: $['status']
09:21:42.069 [main] INFO  o.c.a.a.r.StepNotificationHandler - 
***[CCS Master] : Step PASSED - Scenario:Create the user and verify - 1 -> get-user
09:21:42.069 [main] WARN  o.c.a.a.r.MasterMultiStepsScenarioRunnerImpl - 
--------- TEST-STEP-CORRELATION-ID: a818c1b8-bb3d-49a0-a156-ad563eab60c6 ---------
*requestTimeStamp:2021-12-16T09:21:41.756
step:get-user
id:null
url:https://reqres.in/api/users/709
method:GET
request:
{ } 
--------- TEST-STEP-CORRELATION-ID: a818c1b8-bb3d-49a0-a156-ad563eab60c6 ---------
Response:
{
  "status" : 404,
  "headers" : {
    "Date" : [ "Thu, 16 Dec 2021 09:21:42 GMT" ],
    "Content-Length" : [ "2" ],
    "Server" : [ "cloudflare" ],
    "CF-RAY" : [ "6be6d7cdbad70706-LHR" ],
    "Vary" : [ "Accept-Encoding" ],
    "CF-Cache-Status" : [ "MISS" ],
    "Expect-CT" : [ "max-age=604800, report-uri=\"https://report-uri.cloudflare.com/cdn-cgi/beacon/expect-ct\"" ],
    "via" : [ "1.1 vegur" ],
    "access-control-allow-origin" : [ "*" ],
    "NEL" : [ "{\"success_fraction\":0,\"report_to\":\"cf-nel\",\"max_age\":604800}" ],
    "x-powered-by" : [ "Express" ],
    "Content-Type" : [ "application/json; charset=utf-8" ],
    "Connection" : [ "keep-alive" ],
    "etag" : [ "W/\"2-vyGp6PvFo4RvsFtPoIWeCReyIC8\"" ],
    "Report-To" : [ "{\"endpoints\":[{\"url\":\"https:\\/\\/a.nel.cloudflare.com\\/report\\/v3?s=dsQXVJEd2a02Eh6%2FxuyclvvkYiwalEO5nd1%2Fwr4EV5lrNdKypWW6Oi6dp6na0gaqhJKdW4DG7yZDf5E4b8fp7bdfEq%2Flo%2FJJshsNlpX93khd%2FT3Ym70gc%2BYiyJo%3D\"}],\"group\":\"cf-nel\",\"max_age\":604800}" ],
    "Cache-Control" : [ "max-age=14400" ],
    "alt-svc" : [ "h3=\":443\"; ma=86400, h3-29=\":443\"; ma=86400, h3-28=\":443\"; ma=86400, h3-27=\":443\"; ma=86400" ]
  },
  "body" : { }
}
*responseTimeStamp:2021-12-16T09:21:42.066 
*CCS Master: Response delay:310.0 milli-secs 
---------> Expected Response: <----------
{
  "status" : 404
} 
 
-done-

09:21:42.185 [main] INFO  o.c.a.a.runner.CCSPackageRunner - 
[CCS Master] : PackageRunner- **FINISHED executing all Steps for [Create the user and verify - 1] **.
Steps were:[post-user, get-user]
]]></system-out>
  </testcase>
</testsuite>