<?xml version="1.0" encoding="UTF-8"?>
<testsuite xmlns:xsi="http://www.w3.org/2001/XMLSchema-instance" xsi:noNamespaceSchemaLocation="https://maven.apache.org/surefire/maven-surefire-plugin/xsd/surefire-test-report-3.0.xsd" version="3.0" name="manage_users.Suite_manage_users" time="0.486" tests="1" errors="1" skipped="0" failures="0">
  <properties>
    <property name="java.specification.version" value="17"/>
    <property name="sun.jnu.encoding" value="UTF-8"/>
    <property name="java.class.path" value="/Users/mibin.boban/Documents/Solutions/API-Project/ccs-enterprise-automation-api-project/target/test-classes:/Users/mibin.boban/Documents/Solutions/API-Project/ccs-enterprise-automation-api-project/target/classes:/Users/mibin.boban/.m2/repository/org/example/CCS-API-Master/1.0-SNAPSHOT-Master-V.0/CCS-API-Master-1.0-SNAPSHOT-Master-V.0.jar:/Users/mibin.boban/.m2/repository/org/junit/jupiter/junit-jupiter-params/5.4.2/junit-jupiter-params-5.4.2.jar:/Users/mibin.boban/.m2/repository/org/apiguardian/apiguardian-api/1.0.0/apiguardian-api-1.0.0.jar:/Users/mibin.boban/.m2/repository/org/junit/jupiter/junit-jupiter-api/5.4.2/junit-jupiter-api-5.4.2.jar:/Users/mibin.boban/.m2/repository/org/opentest4j/opentest4j/1.1.1/opentest4j-1.1.1.jar:/Users/mibin.boban/.m2/repository/org/junit/platform/junit-platform-commons/1.4.2/junit-platform-commons-1.4.2.jar:/Users/mibin.boban/.m2/repository/org/junit/jupiter/junit-jupiter-engine/5.4.2/junit-jupiter-engine-5.4.2.jar:/Users/mibin.boban/.m2/repository/org/junit/platform/junit-platform-engine/1.4.2/junit-platform-engine-1.4.2.jar:/Users/mibin.boban/.m2/repository/org/junit/vintage/junit-vintage-engine/5.4.2/junit-vintage-engine-5.4.2.jar:/Users/mibin.boban/.m2/repository/org/junit/platform/junit-platform-runner/1.4.2/junit-platform-runner-1.4.2.jar:/Users/mibin.boban/.m2/repository/org/junit/platform/junit-platform-launcher/1.4.2/junit-platform-launcher-1.4.2.jar:/Users/mibin.boban/.m2/repository/org/junit/platform/junit-platform-suite-api/1.4.2/junit-platform-suite-api-1.4.2.jar:/Users/mibin.boban/.m2/repository/com/google/code/gson/gson/2.6.2/gson-2.6.2.jar:/Users/mibin.boban/.m2/repository/org/apache/kafka/kafka-clients/2.1.0/kafka-clients-2.1.0.jar:/Users/mibin.boban/.m2/repository/com/github/luben/zstd-jni/1.3.5-4/zstd-jni-1.3.5-4.jar:/Users/mibin.boban/.m2/repository/org/lz4/lz4-java/1.5.0/lz4-java-1.5.0.jar:/Users/mibin.boban/.m2/repository/org/xerial/snappy/snappy-java/1.1.7.2/snappy-java-1.1.7.2.jar:/Users/mibin.boban/.m2/repository/org/slf4j/slf4j-api/1.7.25/slf4j-api-1.7.25.jar:/Users/mibin.boban/.m2/repository/org/json/json/20160810/json-20160810.jar:/Users/mibin.boban/.m2/repository/org/apache/velocity/velocity/1.7/velocity-1.7.jar:/Users/mibin.boban/.m2/repository/commons-collections/commons-collections/3.2.1/commons-collections-3.2.1.jar:/Users/mibin.boban/.m2/repository/com/fasterxml/jackson/dataformat/jackson-dataformat-yaml/2.9.8/jackson-dataformat-yaml-2.9.8.jar:/Users/mibin.boban/.m2/repository/org/yaml/snakeyaml/1.23/snakeyaml-1.23.jar:/Users/mibin.boban/.m2/repository/com/fasterxml/jackson/dataformat/jackson-dataformat-csv/2.9.8/jackson-dataformat-csv-2.9.8.jar:/Users/mibin.boban/.m2/repository/commons-io/commons-io/2.4/commons-io-2.4.jar:/Users/mibin.boban/.m2/repository/com/github/tomakehurst/wiremock/2.19.0/wiremock-2.19.0.jar:/Users/mibin.boban/.m2/repository/org/eclipse/jetty/jetty-server/9.2.24.v20180105/jetty-server-9.2.24.v20180105.jar:/Users/mibin.boban/.m2/repository/javax/servlet/javax.servlet-api/3.1.0/javax.servlet-api-3.1.0.jar:/Users/mibin.boban/.m2/repository/org/eclipse/jetty/jetty-http/9.2.24.v20180105/jetty-http-9.2.24.v20180105.jar:/Users/mibin.boban/.m2/repository/org/eclipse/jetty/jetty-io/9.2.24.v20180105/jetty-io-9.2.24.v20180105.jar:/Users/mibin.boban/.m2/repository/org/eclipse/jetty/jetty-servlet/9.2.24.v20180105/jetty-servlet-9.2.24.v20180105.jar:/Users/mibin.boban/.m2/repository/org/eclipse/jetty/jetty-security/9.2.24.v20180105/jetty-security-9.2.24.v20180105.jar:/Users/mibin.boban/.m2/repository/org/eclipse/jetty/jetty-servlets/9.2.24.v20180105/jetty-servlets-9.2.24.v20180105.jar:/Users/mibin.boban/.m2/repository/org/eclipse/jetty/jetty-continuation/9.2.24.v20180105/jetty-continuation-9.2.24.v20180105.jar:/Users/mibin.boban/.m2/repository/org/eclipse/jetty/jetty-util/9.2.24.v20180105/jetty-util-9.2.24.v20180105.jar:/Users/mibin.boban/.m2/repository/org/eclipse/jetty/jetty-webapp/9.2.24.v20180105/jetty-webapp-9.2.24.v20180105.jar:/Users/mibin.boban/.m2/repository/org/eclipse/jetty/jetty-xml/9.2.24.v20180105/jetty-xml-9.2.24.v20180105.jar:/Users/mibin.boban/.m2/repository/org/xmlunit/xmlunit-core/2.5.1/xmlunit-core-2.5.1.jar:/Users/mibin.boban/.m2/repository/org/xmlunit/xmlunit-legacy/2.5.1/xmlunit-legacy-2.5.1.jar:/Users/mibin.boban/.m2/repository/net/sf/jopt-simple/jopt-simple/5.0.3/jopt-simple-5.0.3.jar:/Users/mibin.boban/.m2/repository/org/apache/commons/commons-lang3/3.7/commons-lang3-3.7.jar:/Users/mibin.boban/.m2/repository/com/flipkart/zjsonpatch/zjsonpatch/0.4.4/zjsonpatch-0.4.4.jar:/Users/mibin.boban/.m2/repository/com/github/jknack/handlebars/4.0.7/handlebars-4.0.7.jar:/Users/mibin.boban/.m2/repository/org/antlr/antlr4-runtime/4.7.1/antlr4-runtime-4.7.1.jar:/Users/mibin.boban/.m2/repository/com/github/jknack/handlebars-helpers/4.0.7/handlebars-helpers-4.0.7.jar:/Users/mibin.boban/.m2/repository/ch/qos/logback/logback-classic/1.0.7/logback-classic-1.0.7.jar:/Users/mibin.boban/.m2/repository/ch/qos/logback/logback-core/1.0.7/logback-core-1.0.7.jar:/Users/mibin.boban/.m2/repository/org/jboss/resteasy/resteasy-jaxrs/2.2.1.GA/resteasy-jaxrs-2.2.1.GA.jar:/Users/mibin.boban/.m2/repository/org/jboss/resteasy/jaxrs-api/2.2.1.GA/jaxrs-api-2.2.1.GA.jar:/Users/mibin.boban/.m2/repository/org/scannotation/scannotation/1.0.3/scannotation-1.0.3.jar:/Users/mibin.boban/.m2/repository/javassist/javassist/3.12.1.GA/javassist-3.12.1.GA.jar:/Users/mibin.boban/.m2/repository/javax/annotation/jsr250-api/1.0/jsr250-api-1.0.jar:/Users/mibin.boban/.m2/repository/javax/activation/activation/1.1/activation-1.1.jar:/Users/mibin.boban/.m2/repository/commons-httpclient/commons-httpclient/3.1/commons-httpclient-3.1.jar:/Users/mibin.boban/.m2/repository/net/jcip/jcip-annotations/1.0/jcip-annotations-1.0.jar:/Users/mibin.boban/.m2/repository/com/jayway/jsonpath/json-path/2.2.0/json-path-2.2.0.jar:/Users/mibin.boban/.m2/repository/net/minidev/json-smart/2.2.1/json-smart-2.2.1.jar:/Users/mibin.boban/.m2/repository/net/minidev/accessors-smart/1.1/accessors-smart-1.1.jar:/Users/mibin.boban/.m2/repository/org/ow2/asm/asm/5.0.3/asm-5.0.3.jar:/Users/mibin.boban/.m2/repository/commons-lang/commons-lang/2.6/commons-lang-2.6.jar:/Users/mibin.boban/.m2/repository/com/google/classpath-explorer/classpath-explorer/1.0/classpath-explorer-1.0.jar:/Users/mibin.boban/.m2/repository/org/jukito/jukito/1.4.1/jukito-1.4.1.jar:/Users/mibin.boban/.m2/repository/org/mockito/mockito-core/1.9.5/mockito-core-1.9.5.jar:/Users/mibin.boban/.m2/repository/org/objenesis/objenesis/1.0/objenesis-1.0.jar:/Users/mibin.boban/.m2/repository/com/google/inject/extensions/guice-assistedinject/3.0/guice-assistedinject-3.0.jar:/Users/mibin.boban/.m2/repository/com/google/inject/guice/4.0/guice-4.0.jar:/Users/mibin.boban/.m2/repository/javax/inject/javax.inject/1/javax.inject-1.jar:/Users/mibin.boban/.m2/repository/aopalliance/aopalliance/1.0/aopalliance-1.0.jar:/Users/mibin.boban/.m2/repository/org/skyscreamer/jsonassert/1.5.0/jsonassert-1.5.0.jar:/Users/mibin.boban/.m2/repository/com/vaadin/external/google/android-json/0.0.20131108.vaadin1/android-json-0.0.20131108.vaadin1.jar:/Users/mibin.boban/.m2/repository/com/google/guava/guava/23.0/guava-23.0.jar:/Users/mibin.boban/.m2/repository/com/google/code/findbugs/jsr305/1.3.9/jsr305-1.3.9.jar:/Users/mibin.boban/.m2/repository/com/google/errorprone/error_prone_annotations/2.0.18/error_prone_annotations-2.0.18.jar:/Users/mibin.boban/.m2/repository/com/google/j2objc/j2objc-annotations/1.1/j2objc-annotations-1.1.jar:/Users/mibin.boban/.m2/repository/org/codehaus/mojo/animal-sniffer-annotations/1.14/animal-sniffer-annotations-1.14.jar:/Users/mibin.boban/.m2/repository/com/fasterxml/jackson/core/jackson-annotations/2.10.0/jackson-annotations-2.10.0.jar:/Users/mibin.boban/.m2/repository/com/fasterxml/jackson/core/jackson-core/2.10.0/jackson-core-2.10.0.jar:/Users/mibin.boban/.m2/repository/com/fasterxml/jackson/core/jackson-databind/2.10.0/jackson-databind-2.10.0.jar:/Users/mibin.boban/.m2/repository/com/fasterxml/jackson/datatype/jackson-datatype-jdk8/2.10.0/jackson-datatype-jdk8-2.10.0.jar:/Users/mibin.boban/.m2/repository/org/apache/httpcomponents/httpclient/4.5/httpclient-4.5.jar:/Users/mibin.boban/.m2/repository/org/apache/httpcomponents/httpcore/4.4.1/httpcore-4.4.1.jar:/Users/mibin.boban/.m2/repository/commons-logging/commons-logging/1.2/commons-logging-1.2.jar:/Users/mibin.boban/.m2/repository/commons-codec/commons-codec/1.9/commons-codec-1.9.jar:/Users/mibin.boban/.m2/repository/com/aventstack/extentreports/4.0.9/extentreports-4.0.9.jar:/Users/mibin.boban/.m2/repository/org/freemarker/freemarker/2.3.23/freemarker-2.3.23.jar:/Users/mibin.boban/.m2/repository/org/mongodb/mongodb-driver/3.3.0/mongodb-driver-3.3.0.jar:/Users/mibin.boban/.m2/repository/org/mongodb/mongodb-driver-core/3.3.0/mongodb-driver-core-3.3.0.jar:/Users/mibin.boban/.m2/repository/org/mongodb/bson/3.3.0/bson-3.3.0.jar:/Users/mibin.boban/.m2/repository/org/apache/httpcomponents/httpmime/4.5.2/httpmime-4.5.2.jar:/Users/mibin.boban/.m2/repository/com/univocity/univocity-parsers/2.8.2/univocity-parsers-2.8.2.jar:/Users/mibin.boban/.m2/repository/com/google/protobuf/protobuf-java/3.13.0/protobuf-java-3.13.0.jar:/Users/mibin.boban/.m2/repository/com/google/protobuf/protobuf-java-util/3.13.0/protobuf-java-util-3.13.0.jar:/Users/mibin.boban/.m2/repository/junit/junit/4.12/junit-4.12.jar:/Users/mibin.boban/.m2/repository/org/hamcrest/hamcrest-core/1.3/hamcrest-core-1.3.jar:"/>
    <property name="java.vm.vendor" value="Oracle Corporation"/>
    <property name="sun.arch.data.model" value="64"/>
    <property name="java.vendor.url" value="https://java.oracle.com/"/>
    <property name="os.name" value="Mac OS X"/>
    <property name="java.vm.specification.version" value="17"/>
    <property name="sun.java.launcher" value="SUN_STANDARD"/>
    <property name="user.country" value="GB"/>
    <property name="sun.boot.library.path" value="/Users/mibin.boban/Library/Java/JavaVirtualMachines/openjdk-17/Contents/Home/lib"/>
    <property name="sun.java.command" value="/Users/mibin.boban/Documents/Solutions/API-Project/ccs-enterprise-automation-api-project/target/surefire/surefirebooter16189200882470001724.jar /Users/mibin.boban/Documents/Solutions/API-Project/ccs-enterprise-automation-api-project/target/surefire 2022-01-06T10-57-29_198-jvmRun1 surefire18284094475849014307tmp surefire_015460833271627938533tmp"/>
    <property name="http.nonProxyHosts" value="local|*.local|169.254/16|*.169.254/16"/>
    <property name="jdk.debug" value="release"/>
    <property name="surefire.test.class.path" value="/Users/mibin.boban/Documents/Solutions/API-Project/ccs-enterprise-automation-api-project/target/test-classes:/Users/mibin.boban/Documents/Solutions/API-Project/ccs-enterprise-automation-api-project/target/classes:/Users/mibin.boban/.m2/repository/org/example/CCS-API-Master/1.0-SNAPSHOT-Master-V.0/CCS-API-Master-1.0-SNAPSHOT-Master-V.0.jar:/Users/mibin.boban/.m2/repository/org/junit/jupiter/junit-jupiter-params/5.4.2/junit-jupiter-params-5.4.2.jar:/Users/mibin.boban/.m2/repository/org/apiguardian/apiguardian-api/1.0.0/apiguardian-api-1.0.0.jar:/Users/mibin.boban/.m2/repository/org/junit/jupiter/junit-jupiter-api/5.4.2/junit-jupiter-api-5.4.2.jar:/Users/mibin.boban/.m2/repository/org/opentest4j/opentest4j/1.1.1/opentest4j-1.1.1.jar:/Users/mibin.boban/.m2/repository/org/junit/platform/junit-platform-commons/1.4.2/junit-platform-commons-1.4.2.jar:/Users/mibin.boban/.m2/repository/org/junit/jupiter/junit-jupiter-engine/5.4.2/junit-jupiter-engine-5.4.2.jar:/Users/mibin.boban/.m2/repository/org/junit/platform/junit-platform-engine/1.4.2/junit-platform-engine-1.4.2.jar:/Users/mibin.boban/.m2/repository/org/junit/vintage/junit-vintage-engine/5.4.2/junit-vintage-engine-5.4.2.jar:/Users/mibin.boban/.m2/repository/org/junit/platform/junit-platform-runner/1.4.2/junit-platform-runner-1.4.2.jar:/Users/mibin.boban/.m2/repository/org/junit/platform/junit-platform-launcher/1.4.2/junit-platform-launcher-1.4.2.jar:/Users/mibin.boban/.m2/repository/org/junit/platform/junit-platform-suite-api/1.4.2/junit-platform-suite-api-1.4.2.jar:/Users/mibin.boban/.m2/repository/com/google/code/gson/gson/2.6.2/gson-2.6.2.jar:/Users/mibin.boban/.m2/repository/org/apache/kafka/kafka-clients/2.1.0/kafka-clients-2.1.0.jar:/Users/mibin.boban/.m2/repository/com/github/luben/zstd-jni/1.3.5-4/zstd-jni-1.3.5-4.jar:/Users/mibin.boban/.m2/repository/org/lz4/lz4-java/1.5.0/lz4-java-1.5.0.jar:/Users/mibin.boban/.m2/repository/org/xerial/snappy/snappy-java/1.1.7.2/snappy-java-1.1.7.2.jar:/Users/mibin.boban/.m2/repository/org/slf4j/slf4j-api/1.7.25/slf4j-api-1.7.25.jar:/Users/mibin.boban/.m2/repository/org/json/json/20160810/json-20160810.jar:/Users/mibin.boban/.m2/repository/org/apache/velocity/velocity/1.7/velocity-1.7.jar:/Users/mibin.boban/.m2/repository/commons-collections/commons-collections/3.2.1/commons-collections-3.2.1.jar:/Users/mibin.boban/.m2/repository/com/fasterxml/jackson/dataformat/jackson-dataformat-yaml/2.9.8/jackson-dataformat-yaml-2.9.8.jar:/Users/mibin.boban/.m2/repository/org/yaml/snakeyaml/1.23/snakeyaml-1.23.jar:/Users/mibin.boban/.m2/repository/com/fasterxml/jackson/dataformat/jackson-dataformat-csv/2.9.8/jackson-dataformat-csv-2.9.8.jar:/Users/mibin.boban/.m2/repository/commons-io/commons-io/2.4/commons-io-2.4.jar:/Users/mibin.boban/.m2/repository/com/github/tomakehurst/wiremock/2.19.0/wiremock-2.19.0.jar:/Users/mibin.boban/.m2/repository/org/eclipse/jetty/jetty-server/9.2.24.v20180105/jetty-server-9.2.24.v20180105.jar:/Users/mibin.boban/.m2/repository/javax/servlet/javax.servlet-api/3.1.0/javax.servlet-api-3.1.0.jar:/Users/mibin.boban/.m2/repository/org/eclipse/jetty/jetty-http/9.2.24.v20180105/jetty-http-9.2.24.v20180105.jar:/Users/mibin.boban/.m2/repository/org/eclipse/jetty/jetty-io/9.2.24.v20180105/jetty-io-9.2.24.v20180105.jar:/Users/mibin.boban/.m2/repository/org/eclipse/jetty/jetty-servlet/9.2.24.v20180105/jetty-servlet-9.2.24.v20180105.jar:/Users/mibin.boban/.m2/repository/org/eclipse/jetty/jetty-security/9.2.24.v20180105/jetty-security-9.2.24.v20180105.jar:/Users/mibin.boban/.m2/repository/org/eclipse/jetty/jetty-servlets/9.2.24.v20180105/jetty-servlets-9.2.24.v20180105.jar:/Users/mibin.boban/.m2/repository/org/eclipse/jetty/jetty-continuation/9.2.24.v20180105/jetty-continuation-9.2.24.v20180105.jar:/Users/mibin.boban/.m2/repository/org/eclipse/jetty/jetty-util/9.2.24.v20180105/jetty-util-9.2.24.v20180105.jar:/Users/mibin.boban/.m2/repository/org/eclipse/jetty/jetty-webapp/9.2.24.v20180105/jetty-webapp-9.2.24.v20180105.jar:/Users/mibin.boban/.m2/repository/org/eclipse/jetty/jetty-xml/9.2.24.v20180105/jetty-xml-9.2.24.v20180105.jar:/Users/mibin.boban/.m2/repository/org/xmlunit/xmlunit-core/2.5.1/xmlunit-core-2.5.1.jar:/Users/mibin.boban/.m2/repository/org/xmlunit/xmlunit-legacy/2.5.1/xmlunit-legacy-2.5.1.jar:/Users/mibin.boban/.m2/repository/net/sf/jopt-simple/jopt-simple/5.0.3/jopt-simple-5.0.3.jar:/Users/mibin.boban/.m2/repository/org/apache/commons/commons-lang3/3.7/commons-lang3-3.7.jar:/Users/mibin.boban/.m2/repository/com/flipkart/zjsonpatch/zjsonpatch/0.4.4/zjsonpatch-0.4.4.jar:/Users/mibin.boban/.m2/repository/com/github/jknack/handlebars/4.0.7/handlebars-4.0.7.jar:/Users/mibin.boban/.m2/repository/org/antlr/antlr4-runtime/4.7.1/antlr4-runtime-4.7.1.jar:/Users/mibin.boban/.m2/repository/com/github/jknack/handlebars-helpers/4.0.7/handlebars-helpers-4.0.7.jar:/Users/mibin.boban/.m2/repository/ch/qos/logback/logback-classic/1.0.7/logback-classic-1.0.7.jar:/Users/mibin.boban/.m2/repository/ch/qos/logback/logback-core/1.0.7/logback-core-1.0.7.jar:/Users/mibin.boban/.m2/repository/org/jboss/resteasy/resteasy-jaxrs/2.2.1.GA/resteasy-jaxrs-2.2.1.GA.jar:/Users/mibin.boban/.m2/repository/org/jboss/resteasy/jaxrs-api/2.2.1.GA/jaxrs-api-2.2.1.GA.jar:/Users/mibin.boban/.m2/repository/org/scannotation/scannotation/1.0.3/scannotation-1.0.3.jar:/Users/mibin.boban/.m2/repository/javassist/javassist/3.12.1.GA/javassist-3.12.1.GA.jar:/Users/mibin.boban/.m2/repository/javax/annotation/jsr250-api/1.0/jsr250-api-1.0.jar:/Users/mibin.boban/.m2/repository/javax/activation/activation/1.1/activation-1.1.jar:/Users/mibin.boban/.m2/repository/commons-httpclient/commons-httpclient/3.1/commons-httpclient-3.1.jar:/Users/mibin.boban/.m2/repository/net/jcip/jcip-annotations/1.0/jcip-annotations-1.0.jar:/Users/mibin.boban/.m2/repository/com/jayway/jsonpath/json-path/2.2.0/json-path-2.2.0.jar:/Users/mibin.boban/.m2/repository/net/minidev/json-smart/2.2.1/json-smart-2.2.1.jar:/Users/mibin.boban/.m2/repository/net/minidev/accessors-smart/1.1/accessors-smart-1.1.jar:/Users/mibin.boban/.m2/repository/org/ow2/asm/asm/5.0.3/asm-5.0.3.jar:/Users/mibin.boban/.m2/repository/commons-lang/commons-lang/2.6/commons-lang-2.6.jar:/Users/mibin.boban/.m2/repository/com/google/classpath-explorer/classpath-explorer/1.0/classpath-explorer-1.0.jar:/Users/mibin.boban/.m2/repository/org/jukito/jukito/1.4.1/jukito-1.4.1.jar:/Users/mibin.boban/.m2/repository/org/mockito/mockito-core/1.9.5/mockito-core-1.9.5.jar:/Users/mibin.boban/.m2/repository/org/objenesis/objenesis/1.0/objenesis-1.0.jar:/Users/mibin.boban/.m2/repository/com/google/inject/extensions/guice-assistedinject/3.0/guice-assistedinject-3.0.jar:/Users/mibin.boban/.m2/repository/com/google/inject/guice/4.0/guice-4.0.jar:/Users/mibin.boban/.m2/repository/javax/inject/javax.inject/1/javax.inject-1.jar:/Users/mibin.boban/.m2/repository/aopalliance/aopalliance/1.0/aopalliance-1.0.jar:/Users/mibin.boban/.m2/repository/org/skyscreamer/jsonassert/1.5.0/jsonassert-1.5.0.jar:/Users/mibin.boban/.m2/repository/com/vaadin/external/google/android-json/0.0.20131108.vaadin1/android-json-0.0.20131108.vaadin1.jar:/Users/mibin.boban/.m2/repository/com/google/guava/guava/23.0/guava-23.0.jar:/Users/mibin.boban/.m2/repository/com/google/code/findbugs/jsr305/1.3.9/jsr305-1.3.9.jar:/Users/mibin.boban/.m2/repository/com/google/errorprone/error_prone_annotations/2.0.18/error_prone_annotations-2.0.18.jar:/Users/mibin.boban/.m2/repository/com/google/j2objc/j2objc-annotations/1.1/j2objc-annotations-1.1.jar:/Users/mibin.boban/.m2/repository/org/codehaus/mojo/animal-sniffer-annotations/1.14/animal-sniffer-annotations-1.14.jar:/Users/mibin.boban/.m2/repository/com/fasterxml/jackson/core/jackson-annotations/2.10.0/jackson-annotations-2.10.0.jar:/Users/mibin.boban/.m2/repository/com/fasterxml/jackson/core/jackson-core/2.10.0/jackson-core-2.10.0.jar:/Users/mibin.boban/.m2/repository/com/fasterxml/jackson/core/jackson-databind/2.10.0/jackson-databind-2.10.0.jar:/Users/mibin.boban/.m2/repository/com/fasterxml/jackson/datatype/jackson-datatype-jdk8/2.10.0/jackson-datatype-jdk8-2.10.0.jar:/Users/mibin.boban/.m2/repository/org/apache/httpcomponents/httpclient/4.5/httpclient-4.5.jar:/Users/mibin.boban/.m2/repository/org/apache/httpcomponents/httpcore/4.4.1/httpcore-4.4.1.jar:/Users/mibin.boban/.m2/repository/commons-logging/commons-logging/1.2/commons-logging-1.2.jar:/Users/mibin.boban/.m2/repository/commons-codec/commons-codec/1.9/commons-codec-1.9.jar:/Users/mibin.boban/.m2/repository/com/aventstack/extentreports/4.0.9/extentreports-4.0.9.jar:/Users/mibin.boban/.m2/repository/org/freemarker/freemarker/2.3.23/freemarker-2.3.23.jar:/Users/mibin.boban/.m2/repository/org/mongodb/mongodb-driver/3.3.0/mongodb-driver-3.3.0.jar:/Users/mibin.boban/.m2/repository/org/mongodb/mongodb-driver-core/3.3.0/mongodb-driver-core-3.3.0.jar:/Users/mibin.boban/.m2/repository/org/mongodb/bson/3.3.0/bson-3.3.0.jar:/Users/mibin.boban/.m2/repository/org/apache/httpcomponents/httpmime/4.5.2/httpmime-4.5.2.jar:/Users/mibin.boban/.m2/repository/com/univocity/univocity-parsers/2.8.2/univocity-parsers-2.8.2.jar:/Users/mibin.boban/.m2/repository/com/google/protobuf/protobuf-java/3.13.0/protobuf-java-3.13.0.jar:/Users/mibin.boban/.m2/repository/com/google/protobuf/protobuf-java-util/3.13.0/protobuf-java-util-3.13.0.jar:/Users/mibin.boban/.m2/repository/junit/junit/4.12/junit-4.12.jar:/Users/mibin.boban/.m2/repository/org/hamcrest/hamcrest-core/1.3/hamcrest-core-1.3.jar:"/>
    <property name="sun.cpu.endian" value="little"/>
    <property name="user.home" value="/Users/mibin.boban"/>
    <property name="user.language" value="en"/>
    <property name="java.specification.vendor" value="Oracle Corporation"/>
    <property name="java.version.date" value="2021-09-14"/>
    <property name="java.home" value="/Users/mibin.boban/Library/Java/JavaVirtualMachines/openjdk-17/Contents/Home"/>
    <property name="file.separator" value="/"/>
    <property name="basedir" value="/Users/mibin.boban/Documents/Solutions/API-Project/ccs-enterprise-automation-api-project"/>
    <property name="java.vm.compressedOopsMode" value="Zero based"/>
    <property name="line.separator" value="&#10;"/>
    <property name="java.specification.name" value="Java Platform API Specification"/>
    <property name="java.vm.specification.vendor" value="Oracle Corporation"/>
    <property name="surefire.real.class.path" value="/Users/mibin.boban/Documents/Solutions/API-Project/ccs-enterprise-automation-api-project/target/surefire/surefirebooter16189200882470001724.jar"/>
    <property name="sun.management.compiler" value="HotSpot 64-Bit Tiered Compilers"/>
    <property name="ftp.nonProxyHosts" value="local|*.local|169.254/16|*.169.254/16"/>
    <property name="java.runtime.version" value="17+35-2724"/>
    <property name="user.name" value="mibin.boban"/>
    <property name="path.separator" value=":"/>
    <property name="os.version" value="11.6.2"/>
    <property name="java.runtime.name" value="OpenJDK Runtime Environment"/>
    <property name="file.encoding" value="UTF-8"/>
    <property name="java.vm.name" value="OpenJDK 64-Bit Server VM"/>
    <property name="localRepository" value="/Users/mibin.boban/.m2/repository"/>
    <property name="java.vendor.url.bug" value="https://bugreport.java.com/bugreport/"/>
    <property name="java.io.tmpdir" value="/var/folders/vt/jm0bvb9j6jlgl3mg60hpyybsg_6h1g/T/"/>
    <property name="java.version" value="17"/>
    <property name="user.dir" value="/Users/mibin.boban/Documents/Solutions/API-Project/ccs-enterprise-automation-api-project"/>
    <property name="os.arch" value="x86_64"/>
    <property name="java.vm.specification.name" value="Java Virtual Machine Specification"/>
    <property name="native.encoding" value="UTF-8"/>
    <property name="java.library.path" value="/Users/mibin.boban/Library/Java/Extensions:/Library/Java/Extensions:/Network/Library/Java/Extensions:/System/Library/Java/Extensions:/usr/lib/java:."/>
    <property name="java.vm.info" value="mixed mode, sharing"/>
    <property name="java.vendor" value="Oracle Corporation"/>
    <property name="java.vm.version" value="17+35-2724"/>
    <property name="sun.io.unicode.encoding" value="UnicodeBig"/>
    <property name="socksNonProxyHosts" value="local|*.local|169.254/16|*.169.254/16"/>
    <property name="java.class.version" value="61.0"/>
  </properties>
  <testcase name="initializationError" classname="manage_users.Suite_manage_users" time="0.004">
    <error message="java.lang.ExceptionInInitializerError" type="com.google.common.util.concurrent.ExecutionError"><![CDATA[com.google.common.util.concurrent.ExecutionError: java.lang.ExceptionInInitializerError
Caused by: java.lang.ExceptionInInitializerError
Caused by: java.lang.reflect.InaccessibleObjectException: Unable to make protected final java.lang.Class java.lang.ClassLoader.defineClass(java.lang.String,byte[],int,int,java.security.ProtectionDomain) throws java.lang.ClassFormatError accessible: module java.base does not "opens java.lang" to unnamed module @1a27aae3
]]></error>
    <system-out><![CDATA[10:57:30.474 [main] INFO  o.c.a.apifactory.utils.RunnerUtils - ###[CCS Master] : testClass : class manage_users.Suite_manage_users
]]></system-out>
  </testcase>
</testsuite>